<?xml version="1.0" encoding="UTF-8"?>
<robot generator="Robot 3.1.1 (Python 3.7.1 on win32)" generated="20190422 12:29:11.140" rpa="false">
<suite id="s1" name="TestSuite1" source="C:\Users\zotov\eclipse-workspace\RobotProject1\test\TestSuite1.robot">
<kw name="Log" library="BuiltIn" type="setup">
<doc>Logs the given message with the given level.</doc>
<arguments>
<arg>I am inside Test Suite setUp</arg>
</arguments>
<msg timestamp="20190422 12:29:11.384" level="INFO">I am inside Test Suite setUp</msg>
<status status="PASS" starttime="20190422 12:29:11.384" endtime="20190422 12:29:11.384"></status>
</kw>
<test id="s1-t1" name="MyFirstTest">
<kw name="Log" library="BuiltIn" type="setup">
<doc>Logs the given message with the given level.</doc>
<arguments>
<arg>I am inside Test Case setUp</arg>
</arguments>
<msg timestamp="20190422 12:29:11.385" level="INFO">I am inside Test Case setUp</msg>
<status status="PASS" starttime="20190422 12:29:11.385" endtime="20190422 12:29:11.385"></status>
</kw>
<kw name="Log" library="BuiltIn">
<doc>Logs the given message with the given level.</doc>
<arguments>
<arg>Hello World...</arg>
</arguments>
<msg timestamp="20190422 12:29:11.386" level="INFO">Hello World...</msg>
<status status="PASS" starttime="20190422 12:29:11.386" endtime="20190422 12:29:11.386"></status>
</kw>
<kw name="Log" library="BuiltIn" type="teardown">
<doc>Logs the given message with the given level.</doc>
<arguments>
<arg>I am inside Test Case tearDown</arg>
</arguments>
<msg timestamp="20190422 12:29:11.387" level="INFO">I am inside Test Case tearDown</msg>
<status status="PASS" starttime="20190422 12:29:11.387" endtime="20190422 12:29:11.387"></status>
</kw>
<tags>
<tag>smoke</tag>
</tags>
<status status="PASS" starttime="20190422 12:29:11.384" endtime="20190422 12:29:11.388" critical="yes"></status>
</test>
<test id="s1-t2" name="MySecondTest">
<kw name="Log" library="BuiltIn" type="setup">
<doc>Logs the given message with the given level.</doc>
<arguments>
<arg>I am inside Test Case setUp</arg>
</arguments>
<msg timestamp="20190422 12:29:11.390" level="INFO">I am inside Test Case setUp</msg>
<status status="PASS" starttime="20190422 12:29:11.390" endtime="20190422 12:29:11.390"></status>
</kw>
<kw name="Set Tags" library="BuiltIn">
<doc>Adds given ``tags`` for the current test or all tests in a suite.</doc>
<arguments>
<arg>regression1</arg>
</arguments>
<msg timestamp="20190422 12:29:11.391" level="INFO">Set tag 'regression1'.</msg>
<status status="PASS" starttime="20190422 12:29:11.390" endtime="20190422 12:29:11.391"></status>
</kw>
<kw name="Log" library="BuiltIn">
<doc>Logs the given message with the given level.</doc>
<arguments>
<arg>I am inside Second Test</arg>
</arguments>
<msg timestamp="20190422 12:29:11.391" level="INFO">I am inside Second Test</msg>
<status status="PASS" starttime="20190422 12:29:11.391" endtime="20190422 12:29:11.392"></status>
</kw>
<kw name="Log" library="BuiltIn" type="teardown">
<doc>Logs the given message with the given level.</doc>
<arguments>
<arg>I am inside Test Case tearDown</arg>
</arguments>
<msg timestamp="20190422 12:29:11.392" level="INFO">I am inside Test Case tearDown</msg>
<status status="PASS" starttime="20190422 12:29:11.392" endtime="20190422 12:29:11.392"></status>
</kw>
<tags>
<tag>regression1</tag>
<tag>sanity</tag>
</tags>
<status status="PASS" starttime="20190422 12:29:11.389" endtime="20190422 12:29:11.393" critical="yes"></status>
</test>
<test id="s1-t3" name="MyThirdTest">
<kw name="Log" library="BuiltIn" type="setup">
<doc>Logs the given message with the given level.</doc>
<arguments>
<arg>I am inside Test Case setUp</arg>
</arguments>
<msg timestamp="20190422 12:29:11.395" level="INFO">I am inside Test Case setUp</msg>
<status status="PASS" starttime="20190422 12:29:11.395" endtime="20190422 12:29:11.396"></status>
</kw>
<kw name="Log" library="BuiltIn">
<doc>Logs the given message with the given level.</doc>
<arguments>
<arg>I am inside Third Test</arg>
</arguments>
<msg timestamp="20190422 12:29:11.396" level="INFO">I am inside Third Test</msg>
<status status="PASS" starttime="20190422 12:29:11.396" endtime="20190422 12:29:11.396"></status>
</kw>
<kw name="Log" library="BuiltIn" type="teardown">
<doc>Logs the given message with the given level.</doc>
<arguments>
<arg>I am inside Test Case tearDown</arg>
</arguments>
<msg timestamp="20190422 12:29:11.397" level="INFO">I am inside Test Case tearDown</msg>
<status status="PASS" starttime="20190422 12:29:11.397" endtime="20190422 12:29:11.397"></status>
</kw>
<tags>
<tag>sanity</tag>
</tags>
<status status="PASS" starttime="20190422 12:29:11.395" endtime="20190422 12:29:11.398" critical="yes"></status>
</test>
<test id="s1-t4" name="FirstSeleniumTest">
<kw name="Log" library="BuiltIn" type="setup">
<doc>Logs the given message with the given level.</doc>
<arguments>
<arg>I am inside Test Case setUp</arg>
</arguments>
<msg timestamp="20190422 12:29:11.400" level="INFO">I am inside Test Case setUp</msg>
<status status="PASS" starttime="20190422 12:29:11.399" endtime="20190422 12:29:11.400"></status>
</kw>
<kw name="Open Browser" library="SeleniumLibrary">
<doc>Opens a new browser instance to the given ``url``.</doc>
<arguments>
<arg>http://google.com</arg>
<arg>chrome</arg>
</arguments>
<msg timestamp="20190422 12:29:11.400" level="INFO">Opening browser 'chrome' to base url 'http://google.com'.</msg>
<status status="PASS" starttime="20190422 12:29:11.400" endtime="20190422 12:29:20.267"></status>
</kw>
<kw name="Set Browser Implicit Wait" library="SeleniumLibrary">
<doc>Sets the implicit wait value used by Selenium.</doc>
<arguments>
<arg>5</arg>
</arguments>
<status status="PASS" starttime="20190422 12:29:20.271" endtime="20190422 12:29:20.275"></status>
</kw>
<kw name="Input Text" library="SeleniumLibrary">
<doc>Types the given ``text`` into text field identified by ``locator``.</doc>
<arguments>
<arg>name=q</arg>
<arg>Automation Step by step</arg>
</arguments>
<msg timestamp="20190422 12:29:20.279" level="INFO">Typing text 'Automation Step by step' into text field 'name=q'.</msg>
<status status="PASS" starttime="20190422 12:29:20.278" endtime="20190422 12:29:20.769"></status>
</kw>
<kw name="Press Keys" library="SeleniumLibrary">
<doc>Simulates user pressing key(s) to an element or on the active browser.</doc>
<arguments>
<arg>name=q</arg>
<arg>RETURN</arg>
</arguments>
<msg timestamp="20190422 12:29:20.770" level="INFO">Sending key(s) ('RETURN',) to name=q element.</msg>
<msg timestamp="20190422 12:29:20.794" level="INFO">Pressing special key RETURN to element.</msg>
<status status="PASS" starttime="20190422 12:29:20.769" endtime="20190422 12:29:22.148"></status>
</kw>
<kw name="Sleep" library="BuiltIn">
<doc>Pauses the test executed for the given time.</doc>
<arguments>
<arg>2</arg>
</arguments>
<msg timestamp="20190422 12:29:24.151" level="INFO">Slept 2 seconds</msg>
<status status="PASS" starttime="20190422 12:29:22.149" endtime="20190422 12:29:24.151"></status>
</kw>
<kw name="Close Browser" library="SeleniumLibrary">
<doc>Closes the current browser.</doc>
<status status="PASS" starttime="20190422 12:29:24.151" endtime="20190422 12:29:27.707"></status>
</kw>
<kw name="Log" library="BuiltIn">
<doc>Logs the given message with the given level.</doc>
<arguments>
<arg>Test Completed</arg>
</arguments>
<msg timestamp="20190422 12:29:27.708" level="INFO">Test Completed</msg>
<status status="PASS" starttime="20190422 12:29:27.708" endtime="20190422 12:29:27.708"></status>
</kw>
<kw name="Log" library="BuiltIn" type="teardown">
<doc>Logs the given message with the given level.</doc>
<arguments>
<arg>I am inside Test Case tearDown</arg>
</arguments>
<msg timestamp="20190422 12:29:27.709" level="INFO">I am inside Test Case tearDown</msg>
<status status="PASS" starttime="20190422 12:29:27.709" endtime="20190422 12:29:27.709"></status>
</kw>
<tags>
<tag>sanity</tag>
</tags>
<status status="PASS" starttime="20190422 12:29:11.399" endtime="20190422 12:29:27.710" critical="yes"></status>
</test>
<test id="s1-t5" name="SampleLoginTest">
<kw name="Log" library="BuiltIn" type="setup">
<doc>Logs the given message with the given level.</doc>
<arguments>
<arg>I am inside Test Case setUp</arg>
</arguments>
<msg timestamp="20190422 12:29:27.712" level="INFO">I am inside Test Case setUp</msg>
<status status="PASS" starttime="20190422 12:29:27.712" endtime="20190422 12:29:27.713"></status>
</kw>
<kw name="Open Browser" library="SeleniumLibrary">
<doc>Opens a new browser instance to the given ``url``.</doc>
<arguments>
<arg>${URL}</arg>
<arg>chrome</arg>
</arguments>
<msg timestamp="20190422 12:29:27.713" level="INFO">Opening browser 'chrome' to base url 'https://opensource-demo.orangehrmlive.com/'.</msg>
<status status="PASS" starttime="20190422 12:29:27.713" endtime="20190422 12:29:37.233"></status>
</kw>
<kw name="Set Browser Implicit Wait" library="SeleniumLibrary">
<doc>Sets the implicit wait value used by Selenium.</doc>
<arguments>
<arg>5</arg>
</arguments>
<status status="PASS" starttime="20190422 12:29:37.234" endtime="20190422 12:29:37.237"></status>
</kw>
<kw name="LoginKW">
<kw name="Input Text" library="SeleniumLibrary">
<doc>Types the given ``text`` into text field identified by ``locator``.</doc>
<arguments>
<arg>id=txtUsername</arg>
<arg>@{CREDENTIALS}[0]</arg>
</arguments>
<msg timestamp="20190422 12:29:37.240" level="INFO">Typing text 'Admin' into text field 'id=txtUsername'.</msg>
<status status="PASS" starttime="20190422 12:29:37.239" endtime="20190422 12:29:37.370"></status>
</kw>
<kw name="Input Password" library="SeleniumLibrary">
<doc>Types the given password into text field identified by ``locator``.</doc>
<arguments>
<arg>id=txtPassword</arg>
<arg>&amp;{LOGINDATA}[password]</arg>
</arguments>
<msg timestamp="20190422 12:29:37.371" level="INFO">Typing password into text field 'id=txtPassword'.</msg>
<status status="PASS" starttime="20190422 12:29:37.370" endtime="20190422 12:29:37.476"></status>
</kw>
<kw name="Click Button" library="SeleniumLibrary">
<doc>Clicks button identified by ``locator``.</doc>
<arguments>
<arg>id=btnLogin</arg>
</arguments>
<msg timestamp="20190422 12:29:37.476" level="INFO">Clicking button 'id=btnLogin'.</msg>
<status status="PASS" starttime="20190422 12:29:37.476" endtime="20190422 12:29:38.816"></status>
</kw>
<status status="PASS" starttime="20190422 12:29:37.239" endtime="20190422 12:29:38.816"></status>
</kw>
<kw name="Click Element" library="SeleniumLibrary">
<doc>Click element identified by ``locator``.</doc>
<arguments>
<arg>id=welcome</arg>
</arguments>
<msg timestamp="20190422 12:29:38.817" level="INFO">Clicking element 'id=welcome'.</msg>
<status status="PASS" starttime="20190422 12:29:38.817" endtime="20190422 12:29:38.896"></status>
</kw>
<kw name="Click Link" library="SeleniumLibrary">
<doc>Clicks a link identified by ``locator``.</doc>
<arguments>
<arg>link=Logout</arg>
</arguments>
<msg timestamp="20190422 12:29:38.897" level="INFO">Clicking link 'link=Logout'.</msg>
<status status="PASS" starttime="20190422 12:29:38.896" endtime="20190422 12:29:40.401"></status>
</kw>
<kw name="Close Browser" library="SeleniumLibrary">
<doc>Closes the current browser.</doc>
<status status="PASS" starttime="20190422 12:29:40.402" endtime="20190422 12:29:42.671"></status>
</kw>
<kw name="Log" library="BuiltIn">
<doc>Logs the given message with the given level.</doc>
<arguments>
<arg>Test Completed</arg>
</arguments>
<msg timestamp="20190422 12:29:42.672" level="INFO">Test Completed</msg>
<status status="PASS" starttime="20190422 12:29:42.671" endtime="20190422 12:29:42.672"></status>
</kw>
<kw name="Log" library="BuiltIn">
<doc>Logs the given message with the given level.</doc>
<arguments>
<arg>This test was executed by %{username} on %{os}</arg>
</arguments>
<msg timestamp="20190422 12:29:42.672" level="INFO">This test was executed by zotov on Windows_NT</msg>
<status status="PASS" starttime="20190422 12:29:42.672" endtime="20190422 12:29:42.672"></status>
</kw>
<kw name="Log" library="BuiltIn" type="teardown">
<doc>Logs the given message with the given level.</doc>
<arguments>
<arg>I am inside Test Case tearDown</arg>
</arguments>
<msg timestamp="20190422 12:29:42.673" level="INFO">I am inside Test Case tearDown</msg>
<status status="PASS" starttime="20190422 12:29:42.673" endtime="20190422 12:29:42.673"></status>
</kw>
<doc>This is sample login test</doc>
<tags>
<tag>sanity</tag>
</tags>
<status status="PASS" starttime="20190422 12:29:27.712" endtime="20190422 12:29:42.674" critical="yes"></status>
</test>
<kw name="Log" library="BuiltIn" type="teardown">
<doc>Logs the given message with the given level.</doc>
<arguments>
<arg>I am inside Test Suite tearDown</arg>
</arguments>
<msg timestamp="20190422 12:29:42.676" level="INFO">I am inside Test Suite tearDown</msg>
<status status="PASS" starttime="20190422 12:29:42.676" endtime="20190422 12:29:42.676"></status>
</kw>
<status status="PASS" starttime="20190422 12:29:11.142" endtime="20190422 12:29:42.676"></status>
</suite>
<statistics>
<total>
<stat pass="5" fail="0">Critical Tests</stat>
<stat pass="5" fail="0">All Tests</stat>
</total>
<tag>
<stat pass="1" fail="0">regression1</stat>
<stat pass="4" fail="0">sanity</stat>
<stat pass="1" fail="0">smoke</stat>
</tag>
<suite>
<stat pass="5" fail="0" id="s1" name="TestSuite1">TestSuite1</stat>
</suite>
</statistics>
<errors>
</errors>
</robot>
